0 info it worked if it ends with ok
1 verbose cli [ 'node', '/usr/local/bin/npm', 'install', 'socket-io', '--save' ]
2 info using npm@2.0.0
3 info using node@v0.10.32
4 verbose node symlink /usr/local/bin/node
5 warn package.json survivorsunited@1.0.0 No repository field.
6 warn package.json assert@1.3.0 assert is also the name of a node core module.
7 warn package.json vows@0.7.0 No repository field.
8 warn package.json url@0.10.2 url is also the name of a node core module.
9 verbose readDependencies using package.json deps
10 verbose cache add [ 'socket-io', null ]
11 verbose cache add spec="socket-io" args=["socket-io",null]
12 verbose parsed spec { raw: 'socket-io',
12 verbose parsed spec   scope: null,
12 verbose parsed spec   name: 'socket-io',
12 verbose parsed spec   rawSpec: '',
12 verbose parsed spec   spec: '*',
12 verbose parsed spec   type: 'range' }
13 verbose parsed spec { raw: 'socket-io',
13 verbose parsed spec   scope: null,
13 verbose parsed spec   name: 'socket-io',
13 verbose parsed spec   rawSpec: '',
13 verbose parsed spec   spec: '*',
13 verbose parsed spec   type: 'range' }
14 verbose addNamed [ 'socket-io', '*' ]
15 verbose addNamed [ null, '*' ]
16 silly lockFile 65e09d40-socket-io socket-io@*
17 verbose lock socket-io@* /Users/louisbichard/.npm/65e09d40-socket-io.lock
18 silly addNameRange { name: 'socket-io', range: '*', hasData: false }
19 verbose mapToRegistry name socket-io
20 verbose mapToRegistry uri https://registry.npmjs.org/socket-io
21 verbose request on initialization, where is /socket-io
22 verbose request after pass 1, where is /socket-io
23 verbose request url raw /socket-io
24 verbose request resolving registry [ 'https://registry.npmjs.org/', './socket-io' ]
25 verbose request after pass 2, where is https://registry.npmjs.org/socket-io
26 verbose request no auth needed
27 info attempt registry request try #1 at 14:30:33
28 verbose request id e077c2482f83c96a
29 http request GET https://registry.npmjs.org/socket-io
30 http 404 https://registry.npmjs.org/socket-io
31 verbose headers { date: 'Tue, 20 Jan 2015 14:30:34 GMT',
31 verbose headers   server: 'CouchDB/1.5.0 (Erlang OTP/R16B03)',
31 verbose headers   'content-type': 'application/json',
31 verbose headers   'cache-control': 'max-age=0',
31 verbose headers   'content-length': '52',
31 verbose headers   'accept-ranges': 'bytes',
31 verbose headers   via: '1.1 varnish',
31 verbose headers   age: '0',
31 verbose headers   'x-served-by': 'cache-lhr6335-LHR',
31 verbose headers   'x-cache': 'MISS',
31 verbose headers   'x-cache-hits': '0',
31 verbose headers   'x-timer': 'S1421764234.074874,VS0,VE89',
31 verbose headers   'keep-alive': 'timeout=10, max=50',
31 verbose headers   connection: 'Keep-Alive' }
32 silly registry.get cb [ 404,
32 silly registry.get   { date: 'Tue, 20 Jan 2015 14:30:34 GMT',
32 silly registry.get     server: 'CouchDB/1.5.0 (Erlang OTP/R16B03)',
32 silly registry.get     'content-type': 'application/json',
32 silly registry.get     'cache-control': 'max-age=0',
32 silly registry.get     'content-length': '52',
32 silly registry.get     'accept-ranges': 'bytes',
32 silly registry.get     via: '1.1 varnish',
32 silly registry.get     age: '0',
32 silly registry.get     'x-served-by': 'cache-lhr6335-LHR',
32 silly registry.get     'x-cache': 'MISS',
32 silly registry.get     'x-cache-hits': '0',
32 silly registry.get     'x-timer': 'S1421764234.074874,VS0,VE89',
32 silly registry.get     'keep-alive': 'timeout=10, max=50',
32 silly registry.get     connection: 'Keep-Alive' } ]
33 silly lockFile 65e09d40-socket-io socket-io@*
34 silly lockFile 65e09d40-socket-io socket-io@*
35 verbose stack Error: 404 Not Found: socket-io
35 verbose stack     at RegClient.<anonymous> (/usr/local/lib/node_modules/npm/node_modules/npm-registry-client/lib/request.js:259:14)
35 verbose stack     at Request._callback (/usr/local/lib/node_modules/npm/node_modules/npm-registry-client/lib/request.js:198:65)
35 verbose stack     at Request.self.callback (/usr/local/lib/node_modules/npm/node_modules/request/request.js:236:22)
35 verbose stack     at Request.emit (events.js:98:17)
35 verbose stack     at Request.<anonymous> (/usr/local/lib/node_modules/npm/node_modules/request/request.js:1142:14)
35 verbose stack     at Request.emit (events.js:117:20)
35 verbose stack     at IncomingMessage.<anonymous> (/usr/local/lib/node_modules/npm/node_modules/request/request.js:1096:12)
35 verbose stack     at IncomingMessage.emit (events.js:117:20)
35 verbose stack     at _stream_readable.js:943:16
35 verbose stack     at process._tickCallback (node.js:419:13)
36 verbose statusCode 404
37 verbose pkgid socket-io
38 verbose cwd /Users/louisbichard/Documents/developments/survivorsunited
39 error Darwin 14.0.0
40 error argv "node" "/usr/local/bin/npm" "install" "socket-io" "--save"
41 error node v0.10.32
42 error npm  v2.0.0
43 error code E404
44 error 404 Not Found: socket-io
44 error 404
44 error 404 'socket-io' is not in the npm registry.
44 error 404 You should bug the author to publish it (or use the name yourself!)
44 error 404 It was specified as a dependency of 'survivorsunited'
44 error 404
44 error 404 Note that you can also install from a
44 error 404 tarball, folder, http url, or git url.
45 verbose exit [ 1, true ]
